<?xml version="1.0" encoding="UTF-8"?>
<testsuite name="Practise.Printing" tests="1" skipped="0" failures="0" errors="0" timestamp="2018-05-03T21:10:20" hostname="DESKTOP-GG2RP2K" time="0.005">
  <properties/>
  <testcase name="main" classname="Practise.Printing" time="0.005"/>
  <system-out><![CDATA[samanvi
]]></system-out>
  <system-err><![CDATA[]]></system-err>
</testsuite>
