<?xml version="1.0" encoding="UTF-8"?>
<testsuite name="Practise.Sample" tests="1" skipped="0" failures="0" errors="0" timestamp="2018-05-03T21:10:20" hostname="DESKTOP-GG2RP2K" time="0.001">
  <properties/>
  <testcase name="increment" classname="Practise.Sample" time="0.001"/>
  <system-out><![CDATA[value of x is 13]]></system-out>
  <system-err><![CDATA[]]></system-err>
</testsuite>
